0 info it worked if it ends with ok
1 verbose cli [
1 verbose cli   'C:\\Program Files\\nodejs\\node.exe',
1 verbose cli   'C:\\Users\\Босс\\Desktop\\first-project-webpack-ts\\node_modules\\npm\\bin\\npm-cli.js',
1 verbose cli   'start'
1 verbose cli ]
2 info using npm@2.15.12
3 info using node@v17.4.0
4 verbose run-script [ 'prestart', 'start', 'poststart' ]
5 info prestart first-project-webpack-ts@1.0.0
6 info start first-project-webpack-ts@1.0.0
7 verbose unsafe-perm in lifecycle true
8 info first-project-webpack-ts@1.0.0 Failed to exec start script
9 verbose stack Error: first-project-webpack-ts@1.0.0 start: `webpack serve --env port=3000`
9 verbose stack Exit status 1
9 verbose stack     at EventEmitter.<anonymous> (C:\Users\Босс\Desktop\first-project-webpack-ts\node_modules\npm\lib\utils\lifecycle.js:217:16)
9 verbose stack     at EventEmitter.emit (node:events:520:28)
9 verbose stack     at ChildProcess.<anonymous> (C:\Users\Босс\Desktop\first-project-webpack-ts\node_modules\npm\lib\utils\spawn.js:24:14)
9 verbose stack     at ChildProcess.emit (node:events:520:28)
9 verbose stack     at maybeClose (node:internal/child_process:1090:16)
9 verbose stack     at Process.ChildProcess._handle.onexit (node:internal/child_process:302:5)
10 verbose pkgid first-project-webpack-ts@1.0.0
11 verbose cwd C:\Users\Босс\Desktop\first-project-webpack-ts
12 error Windows_NT 10.0.18363
13 error argv "C:\\Program Files\\nodejs\\node.exe" "C:\\Users\\Босс\\Desktop\\first-project-webpack-ts\\node_modules\\npm\\bin\\npm-cli.js" "start"
14 error node v17.4.0
15 error npm  v2.15.12
16 error code ELIFECYCLE
17 error first-project-webpack-ts@1.0.0 start: `webpack serve --env port=3000`
17 error Exit status 1
18 error Failed at the first-project-webpack-ts@1.0.0 start script 'webpack serve --env port=3000'.
18 error This is most likely a problem with the first-project-webpack-ts package,
18 error not with npm itself.
18 error Tell the author that this fails on your system:
18 error     webpack serve --env port=3000
18 error You can get information on how to open an issue for this project with:
18 error     npm bugs first-project-webpack-ts
18 error Or if that isn't available, you can get their info via:
18 error
18 error     npm owner ls first-project-webpack-ts
18 error There is likely additional logging output above.
19 verbose exit [ 1, true ]
